\BOOKMARK [1][-]{section.1}{Einleitung}{}% 1
\BOOKMARK [1][-]{section.2}{Grundlagen}{}% 2
\BOOKMARK [2][-]{subsection.2.1}{Technologieplattformen}{section.2}% 3
\BOOKMARK [3][-]{subsubsection.2.1.1}{Native-Entwicklung}{subsection.2.1}% 4
\BOOKMARK [3][-]{subsubsection.2.1.2}{Cross-Platform-Entwicklung}{subsection.2.1}% 5
\BOOKMARK [3][-]{subsubsection.2.1.3}{Web-Entwicklung}{subsection.2.1}% 6
\BOOKMARK [3][-]{subsubsection.2.1.4}{Hybride-Entwicklung}{subsection.2.1}% 7
\BOOKMARK [2][-]{subsection.2.2}{Programmiersprachen}{section.2}% 8
\BOOKMARK [3][-]{subsubsection.2.2.1}{TIOBE Index}{subsection.2.2}% 9
\BOOKMARK [3][-]{subsubsection.2.2.2}{GitHut 2.0}{subsection.2.2}% 10
\BOOKMARK [3][-]{subsubsection.2.2.3}{Time Machine / Wayback Machine}{subsection.2.2}% 11
\BOOKMARK [3][-]{subsubsection.2.2.4}{Top 20 Programmiersprachen aus dem TIOBE Index und GitHut 2.0 Index}{subsection.2.2}% 12
\BOOKMARK [3][-]{subsubsection.2.2.5}{Programmiersprache ist eine Hochsprache}{subsection.2.2}% 13
\BOOKMARK [3][-]{subsubsection.2.2.6}{Programmiersprachen mit Web Framework und GUI Designer}{subsection.2.2}% 14
\BOOKMARK [3][-]{subsubsection.2.2.7}{Programmiersprachen Einleitung und letztes Update}{subsection.2.2}% 15
\BOOKMARK [3][-]{subsubsection.2.2.8}{Ausf\374hrungsgeschwindigkeit von einigen Programmiersprachen}{subsection.2.2}% 16
\BOOKMARK [3][-]{subsubsection.2.2.9}{Entwicklungsgeschwindigkeit}{subsection.2.2}% 17
\BOOKMARK [2][-]{subsection.2.3}{Web Frameworks}{section.2}% 18
\BOOKMARK [3][-]{subsubsection.2.3.1}{Frameworks mit einem GUI Designer}{subsection.2.3}% 19
\BOOKMARK [1][-]{section.3}{Vorstellung von Opcenter Execution Pharma}{}% 20
\BOOKMARK [1][-]{section.4}{Auswahl einer geeigneten Technologieplattform}{}% 21
\BOOKMARK [2][-]{subsection.4.1}{Auswahlkriterien}{section.4}% 22
\BOOKMARK [2][-]{subsection.4.2}{Vorgehen bei der Auswahl}{section.4}% 23
\BOOKMARK [2][-]{subsection.4.3}{Entscheidung}{section.4}% 24
\BOOKMARK [1][-]{section.5}{Auswahl geeigneter Programmiersprachen}{}% 25
\BOOKMARK [2][-]{subsection.5.1}{Bin\344re Filterung}{section.5}% 26
\BOOKMARK [3][-]{subsubsection.5.1.1}{Auswahlkriterien}{subsection.5.1}% 27
\BOOKMARK [3][-]{subsubsection.5.1.2}{Vorgehen bei der Auswahl}{subsection.5.1}% 28
\BOOKMARK [3][-]{subsubsection.5.1.3}{Entscheidung}{subsection.5.1}% 29
\BOOKMARK [2][-]{subsection.5.2}{Nicht-Bin\344re Filterung}{section.5}% 30
\BOOKMARK [3][-]{subsubsection.5.2.1}{Auswahlkriterien}{subsection.5.2}% 31
\BOOKMARK [3][-]{subsubsection.5.2.2}{Vorgehen bei der Auswahl}{subsection.5.2}% 32
\BOOKMARK [3][-]{subsubsection.5.2.3}{Entscheidung}{subsection.5.2}% 33
\BOOKMARK [1][-]{section.6}{Auswahl geeigneter Web-Frameworks}{}% 34
\BOOKMARK [2][-]{subsection.6.1}{Auswahlkriterien}{section.6}% 35
\BOOKMARK [2][-]{subsection.6.2}{Vorgehen bei der Auswahl}{section.6}% 36
\BOOKMARK [2][-]{subsection.6.3}{Entscheidung}{section.6}% 37
\BOOKMARK [1][-]{section.7}{Entwicklung eiens Moduls in verschiedenen Frameworks}{}% 38
\BOOKMARK [1][-]{section.8}{Entscheidung f\374r ein Framework}{}% 39
