This is pdfTeX, Version 3.14159265-2.6-1.40.21 (TeX Live 2020/Arch Linux) (preloaded format=pdflatex 2020.12.21)  23 DEC 2020 20:52
entering extended mode
 restricted \write18 enabled.
 file:line:error style messages enabled.
 %&-line parsing enabled.
**"/home/jonas/Desktop/Bachelorarbeit_Jonas_Borgerding/Schriftlicher Teil - Mit LaTeX Code/Bachelorthesis Jonas Borgerding.tex"
(/home/jonas/Desktop/Bachelorarbeit_Jonas_Borgerding/Schriftlicher Teil - Mit LaTeX Code/Bachelorthesis Jonas Borgerding.tex
LaTeX2e <2020-02-02> patch level 5
L3 programming layer <2020-06-03> (/usr/share/texmf-dist/tex/latex/base/article.cls
Document Class: article 2019/12/20 v1.4l Standard LaTeX document class
(/usr/share/texmf-dist/tex/latex/base/size10.clo
File: size10.clo 2019/12/20 v1.4l Standard LaTeX file (size option)
)
\c@part=\count167
\c@section=\count168
\c@subsection=\count169
\c@subsubsection=\count170
\c@paragraph=\count171
\c@subparagraph=\count172
\c@figure=\count173
\c@table=\count174
\abovecaptionskip=\skip47
\belowcaptionskip=\skip48
\bibindent=\dimen134
) (/usr/share/texmf-dist/tex/latex/fancyhdr/fancyhdr.sty
Package: fancyhdr 2019/01/31 v3.10 Extensive control of page headers and footers
\f@nch@headwidth=\skip49
\f@nch@O@elh=\skip50
\f@nch@O@erh=\skip51
\f@nch@O@olh=\skip52
\f@nch@O@orh=\skip53
\f@nch@O@elf=\skip54
\f@nch@O@erf=\skip55
\f@nch@O@olf=\skip56
\f@nch@O@orf=\skip57
) (/usr/share/texmf-dist/tex/latex/hyperref/hyperref.sty
Package: hyperref 2020-05-15 v7.00e Hypertext links for LaTeX
 (/usr/share/texmf-dist/tex/generic/ltxcmds/ltxcmds.sty
Package: ltxcmds 2019/12/15 v1.24 LaTeX kernel commands for general use (HO)
) (/usr/share/texmf-dist/tex/generic/iftex/iftex.sty
Package: iftex 2020/03/06 v1.0d TeX engine tests
) (/usr/share/texmf-dist/tex/latex/pdftexcmds/pdftexcmds.sty
Package: pdftexcmds 2020-06-04 v0.32 Utility functions of pdfTeX for LuaTeX (HO)
 (/usr/share/texmf-dist/tex/generic/infwarerr/infwarerr.sty
Package: infwarerr 2019/12/03 v1.5 Providing info/warning/error messages (HO)
)
Package pdftexcmds Info: \pdf@primitive is available.
Package pdftexcmds Info: \pdf@ifprimitive is available.
Package pdftexcmds Info: \pdfdraftmode found.
) (/usr/share/texmf-dist/tex/latex/graphics/keyval.sty
Package: keyval 2014/10/28 v1.15 key=value parser (DPC)
\KV@toks@=\toks15
) (/usr/share/texmf-dist/tex/generic/kvsetkeys/kvsetkeys.sty
Package: kvsetkeys 2019/12/15 v1.18 Key value parser (HO)
) (/usr/share/texmf-dist/tex/generic/kvdefinekeys/kvdefinekeys.sty
Package: kvdefinekeys 2019-12-19 v1.6 Define keys (HO)
) (/usr/share/texmf-dist/tex/generic/pdfescape/pdfescape.sty
Package: pdfescape 2019/12/09 v1.15 Implements pdfTeX's escape features (HO)
) (/usr/share/texmf-dist/tex/latex/hycolor/hycolor.sty
Package: hycolor 2020-01-27 v1.10 Color options for hyperref/bookmark (HO)
) (/usr/share/texmf-dist/tex/latex/letltxmacro/letltxmacro.sty
Package: letltxmacro 2019/12/03 v1.6 Let assignment for LaTeX macros (HO)
) (/usr/share/texmf-dist/tex/latex/auxhook/auxhook.sty
Package: auxhook 2019-12-17 v1.6 Hooks for auxiliary files (HO)
) (/usr/share/texmf-dist/tex/latex/kvoptions/kvoptions.sty
Package: kvoptions 2019/11/29 v3.13 Key value format for package options (HO)
)
\@linkdim=\dimen135
\Hy@linkcounter=\count175
\Hy@pagecounter=\count176
 (/usr/share/texmf-dist/tex/latex/hyperref/pd1enc.def
File: pd1enc.def 2020-05-15 v7.00e Hyperref: PDFDocEncoding definition (HO)
Now handling font encoding PD1 ...
... no UTF-8 mapping file for font encoding PD1
) (/usr/share/texmf-dist/tex/generic/intcalc/intcalc.sty
Package: intcalc 2019/12/15 v1.3 Expandable calculations with integers (HO)
) (/usr/share/texmf-dist/tex/generic/etexcmds/etexcmds.sty
Package: etexcmds 2019/12/15 v1.7 Avoid name clashes with e-TeX commands (HO)
)
\Hy@SavedSpaceFactor=\count177
Package hyperref Info: Hyper figures OFF on input line 4464.
Package hyperref Info: Link nesting OFF on input line 4469.
Package hyperref Info: Hyper index ON on input line 4472.
Package hyperref Info: Plain pages OFF on input line 4479.
Package hyperref Info: Backreferencing OFF on input line 4484.
Package hyperref Info: Implicit mode ON; LaTeX internals redefined.
Package hyperref Info: Bookmarks ON on input line 4717.
\c@Hy@tempcnt=\count178
 (/usr/share/texmf-dist/tex/latex/url/url.sty
\Urlmuskip=\muskip16
Package: url 2013/09/16  ver 3.4  Verb mode for urls, etc.
)
LaTeX Info: Redefining \url on input line 5076.
\XeTeXLinkMargin=\dimen136
 (/usr/share/texmf-dist/tex/generic/bitset/bitset.sty
Package: bitset 2019/12/09 v1.3 Handle bit-vector datatype (HO)
 (/usr/share/texmf-dist/tex/generic/bigintcalc/bigintcalc.sty
Package: bigintcalc 2019/12/15 v1.5 Expandable calculations on big integers (HO)
))
\Fld@menulength=\count179
\Field@Width=\dimen137
\Fld@charsize=\dimen138
Package hyperref Info: Hyper figures OFF on input line 6347.
Package hyperref Info: Link nesting OFF on input line 6352.
Package hyperref Info: Hyper index ON on input line 6355.
Package hyperref Info: backreferencing OFF on input line 6362.
Package hyperref Info: Link coloring OFF on input line 6367.
Package hyperref Info: Link coloring with OCG OFF on input line 6372.
Package hyperref Info: PDF/A mode OFF on input line 6377.
LaTeX Info: Redefining \ref on input line 6417.
LaTeX Info: Redefining \pageref on input line 6421.
 (/usr/share/texmf-dist/tex/generic/atbegshi/atbegshi.sty
Package: atbegshi 2019/12/05 v1.19 At begin shipout hook (HO)
)
\Hy@abspage=\count180
\c@Item=\count181
\c@Hfootnote=\count182
)
Package hyperref Info: Driver (autodetected): hpdftex.
 (/usr/share/texmf-dist/tex/latex/hyperref/hpdftex.def
File: hpdftex.def 2020-05-15 v7.00e Hyperref driver for pdfTeX
 (/usr/share/texmf-dist/tex/latex/atveryend/atveryend.sty
Package: atveryend 2019-12-11 v1.11 Hooks at the very end of document (HO)
Package atveryend Info: \enddocument detected (standard20110627).
)
\Fld@listcount=\count183
\c@bookmark@seq@number=\count184
 (/usr/share/texmf-dist/tex/latex/rerunfilecheck/rerunfilecheck.sty
Package: rerunfilecheck 2019/12/05 v1.9 Rerun checks for auxiliary files (HO)
 (/usr/share/texmf-dist/tex/generic/uniquecounter/uniquecounter.sty
Package: uniquecounter 2019/12/15 v1.4 Provide unlimited unique counter (HO)
)
Package uniquecounter Info: New unique counter `rerunfilecheck' on input line 286.
)
\Hy@SectionHShift=\skip58
) (/usr/share/texmf-dist/tex/latex/hyperref/nameref.sty
Package: nameref 2019/09/16 v2.46 Cross-referencing by name of section
 (/usr/share/texmf-dist/tex/latex/refcount/refcount.sty
Package: refcount 2019/12/15 v3.6 Data extraction from label references (HO)
) (/usr/share/texmf-dist/tex/generic/gettitlestring/gettitlestring.sty
Package: gettitlestring 2019/12/15 v1.6 Cleanup title references (HO)
)
\c@section@level=\count185
) (/usr/share/texmf-dist/tex/generic/babel/babel.sty
Package: babel 2020/05/13 3.44 The Babel package
 (/usr/share/texmf-dist/tex/generic/babel/babel.def
File: babel.def 2020/05/13 3.44 Babel common definitions
\babel@savecnt=\count186
\U@D=\dimen139
\l@babelnohyphens=\language86
 (/usr/share/texmf-dist/tex/generic/babel/txtbabel.def)
\bbl@readstream=\read2
)
\bbl@dirlevel=\count187
 (/usr/share/texmf-dist/tex/generic/babel-german/ngerman.ldf
Language: ngerman 2018/12/08 v2.11 German support for babel (post-1996 orthography)
 (/usr/share/texmf-dist/tex/generic/babel-german/ngermanb.ldf
Language: ngermanb 2018/12/08 v2.11 German support for babel (post-1996 orthography)
Package babel Info: Making " an active character on input line 121.
))) (/usr/share/texmf-dist/tex/latex/graphics/graphicx.sty
Package: graphicx 2019/11/30 v1.2a Enhanced LaTeX Graphics (DPC,SPQR)
 (/usr/share/texmf-dist/tex/latex/graphics/graphics.sty
Package: graphics 2019/11/30 v1.4a Standard LaTeX Graphics (DPC,SPQR)
 (/usr/share/texmf-dist/tex/latex/graphics/trig.sty
Package: trig 2016/01/03 v1.10 sin cos tan (DPC)
) (/usr/share/texmf-dist/tex/latex/graphics-cfg/graphics.cfg
File: graphics.cfg 2016/06/04 v1.11 sample graphics configuration
)
Package graphics Info: Driver file: pdftex.def on input line 105.
 (/usr/share/texmf-dist/tex/latex/graphics-def/pdftex.def
File: pdftex.def 2018/01/08 v1.0l Graphics/color driver for pdftex
))
\Gin@req@height=\dimen140
\Gin@req@width=\dimen141
) (/usr/share/texmf-dist/tex/latex/csquotes/csquotes.sty
Package: csquotes 2019-12-06 v5.2j context-sensitive quotations (JAW)
 (/usr/share/texmf-dist/tex/latex/etoolbox/etoolbox.sty
Package: etoolbox 2019/09/21 v2.5h e-TeX tools for LaTeX (JAW)
\etb@tempcnta=\count188
)
\csq@reset=\count189
\csq@gtype=\count190
\csq@glevel=\count191
\csq@qlevel=\count192
\csq@maxlvl=\count193
\csq@tshold=\count194
\csq@ltx@everypar=\toks16
 (/usr/share/texmf-dist/tex/latex/csquotes/csquotes.def
File: csquotes.def 2019-12-06 v5.2j csquotes generic definitions (JAW)
)
Package csquotes Info: Trying to load configuration file 'csquotes.cfg'...
Package csquotes Info: ... configuration file loaded successfully.
 (/usr/share/texmf-dist/tex/latex/csquotes/csquotes.cfg
File: csquotes.cfg 
)) (/usr/share/texmf-dist/tex/latex/enumitem/enumitem.sty
Package: enumitem 2019/06/20 v3.9 Customized lists
\labelindent=\skip59
\enit@outerparindent=\dimen142
\enit@toks=\toks17
\enit@inbox=\box45
\enit@count@id=\count195
\enitdp@description=\count196
) (/usr/share/texmf-dist/tex/latex/tools/tabularx.sty
Package: tabularx 2020/01/15 v2.11c `tabularx' package (DPC)
 (/usr/share/texmf-dist/tex/latex/tools/array.sty
Package: array 2019/08/31 v2.4l Tabular extension package (FMi)
\col@sep=\dimen143
\ar@mcellbox=\box46
\extrarowheight=\dimen144
\NC@list=\toks18
\extratabsurround=\skip60
\backup@length=\skip61
\ar@cellbox=\box47
)
\TX@col@width=\dimen145
\TX@old@table=\dimen146
\TX@old@col=\dimen147
\TX@target=\dimen148
\TX@delta=\dimen149
\TX@cols=\count197
\TX@ftn=\toks19
) (/usr/share/texmf-dist/tex/latex/caption/subcaption.sty
Package: subcaption 2020/01/22 v1.3d Sub-captions (AR)
 (/usr/share/texmf-dist/tex/latex/caption/caption.sty
Package: caption 2020/05/10 v3.4j Customizing captions (AR)
 (/usr/share/texmf-dist/tex/latex/caption/caption3.sty
Package: caption3 2020/05/10 v1.11 caption3 kernel (AR)
Package caption3 Info: TeX engine: e-TeX on input line 61.
\captionmargin=\dimen150
\captionmargin@=\dimen151
\captionwidth=\dimen152
\caption@tempdima=\dimen153
\caption@indent=\dimen154
\caption@parindent=\dimen155
\caption@hangindent=\dimen156
Package caption Info: Standard document class detected.
)
\c@caption@flags=\count198
\c@continuedfloat=\count199
Package caption Info: hyperref package is loaded.
)
\c@subfigure=\count266
\c@subtable=\count267
)
Package csquotes Info: Allocating character ".
\c@mylabelcounter=\count268
Package csquotes Info: Checking for multilingual support...
Package csquotes Info: ... found 'babel' package.
Package csquotes Info: Adjusting default style.
Package csquotes Info: Redefining alias 'default' -> 'ngerman'.
 (/usr/share/texmf-dist/tex/latex/l3backend/l3backend-pdfmode.def
File: l3backend-pdfmode.def 2020-06-03 L3 backend support: PDF mode
\l__kernel_color_stack_int=\count269
\l__pdf_internal_box=\box48
) (/home/jonas/Desktop/Bachelorarbeit_Jonas_Borgerding/Schriftlicher Teil - Mit LaTeX Code/Bachelorthesis Jonas Borgerding.aux)
LaTeX Font Info:    Checking defaults for OML/cmm/m/it on input line 37.
LaTeX Font Info:    ... okay on input line 37.
LaTeX Font Info:    Checking defaults for OMS/cmsy/m/n on input line 37.
LaTeX Font Info:    ... okay on input line 37.
LaTeX Font Info:    Checking defaults for OT1/cmr/m/n on input line 37.
LaTeX Font Info:    ... okay on input line 37.
LaTeX Font Info:    Checking defaults for T1/cmr/m/n on input line 37.
LaTeX Font Info:    ... okay on input line 37.
LaTeX Font Info:    Checking defaults for TS1/cmr/m/n on input line 37.
LaTeX Font Info:    ... okay on input line 37.
LaTeX Font Info:    Checking defaults for OMX/cmex/m/n on input line 37.
LaTeX Font Info:    ... okay on input line 37.
LaTeX Font Info:    Checking defaults for U/cmr/m/n on input line 37.
LaTeX Font Info:    ... okay on input line 37.
LaTeX Font Info:    Checking defaults for PD1/pdf/m/n on input line 37.
LaTeX Font Info:    ... okay on input line 37.
\AtBeginShipoutBox=\box49
Package hyperref Info: Link coloring OFF on input line 37.
LaTeX Info: Redefining \ref on input line 37.
LaTeX Info: Redefining \pageref on input line 37.
LaTeX Info: Redefining \nameref on input line 37.
 (/home/jonas/Desktop/Bachelorarbeit_Jonas_Borgerding/Schriftlicher Teil - Mit LaTeX Code/Bachelorthesis Jonas Borgerding.out) (/home/jonas/Desktop/Bachelorarbeit_Jonas_Borgerding/Schriftlicher Teil - Mit LaTeX Code/Bachelorthesis Jonas Borgerding.out)
\@outlinefile=\write3
 (/usr/share/texmf-dist/tex/context/base/mkii/supp-pdf.mkii
[Loading MPS to PDF converter (version 2006.09.02).]
\scratchcounter=\count270
\scratchdimen=\dimen157
\scratchbox=\box50
\nofMPsegments=\count271
\nofMParguments=\count272
\everyMPshowfont=\toks20
\MPscratchCnt=\count273
\MPscratchDim=\dimen158
\MPnumerator=\count274
\makeMPintoPDFobject=\count275
\everyMPtoPDFconversion=\toks21
) (/usr/share/texmf-dist/tex/latex/epstopdf-pkg/epstopdf-base.sty
Package: epstopdf-base 2020-01-24 v2.11 Base part for package epstopdf
Package epstopdf-base Info: Redefining graphics rule for `.eps' on input line 485.
 (/usr/share/texmf-dist/tex/latex/latexconfig/epstopdf-sys.cfg
File: epstopdf-sys.cfg 2010/07/13 v1.3 Configuration of (r)epstopdf for TeX Live
))
Package csquotes Info: Redefining character " on input line 37.
Package caption Info: Begin \AtBeginDocument code.
Package caption Info: End \AtBeginDocument code.
 [1{/var/lib/texmf/fonts/map/pdftex/updmap/pdftex.map}]
Underfull \hbox (badness 1147) in paragraph at lines 57--62
\OT1/cmr/m/n/10 burg, Ma-tri-kel-num-mer 3111336), ver-si-che-re an Ei-des statt, dass ich die
 []


Underfull \hbox (badness 10000) in paragraph at lines 57--62

 []


Underfull \hbox (badness 10000) in paragraph at lines 57--62

 []


Underfull \hbox (badness 10000) in paragraph at lines 57--62

 []

[2


] (/home/jonas/Desktop/Bachelorarbeit_Jonas_Borgerding/Schriftlicher Teil - Mit LaTeX Code/Bachelorthesis Jonas Borgerding.toc
LaTeX Font Info:    External font `cmex10' loaded for size
(Font)              <7> on input line 4.
LaTeX Font Info:    External font `cmex10' loaded for size
(Font)              <5> on input line 4.
 [3])
\tf@toc=\write4
 [4]
Underfull \hbox (badness 10000) in paragraph at lines 76--81

 []


Underfull \hbox (badness 10000) in paragraph at lines 76--81
[]$\OT1/cmtt/m/n/10 https : / / segit . mathematik . uni-[]marburg . de / Borgerdi / Bachelorarbeit _
 []


Underfull \hbox (badness 10000) in paragraph at lines 76--81
[]$\OT1/cmtt/m/n/10 https : / / github . com / JonasBorgerding / Bachelorarbeit _ Jonas _
 []


Underfull \hbox (badness 10000) in paragraph at lines 76--81

 []

pdfTeX warning (ext4): destination with the same identifier (name{page.1}) has been already used, duplicate ignored
<to be read again> 
                   \relax 
l.81     \newpage
                 \noindent [1]
Underfull \hbox (badness 1281) in paragraph at lines 99--115
\OT1/cmr/m/n/10 Hierf[]ur wird die An-wen-dun-gen in Pro-gram-mier-spra-chen ge-schrie-ben, die
 []


Underfull \hbox (badness 3029) in paragraph at lines 99--115
\OT1/cmr/m/n/10 Native An-wen-dun-gen wer-den di-rekt auf den Com-pu-ter des Be-nut-zers
 []


Underfull \hbox (badness 10000) in paragraph at lines 99--115

 []


Underfull \hbox (badness 10000) in paragraph at lines 99--115

 []


Underfull \hbox (badness 1348) in paragraph at lines 99--115
\OT1/cmr/m/n/10 Auch muss die Kom-pa-ti-bi-lit[]at zu den ein-zel-nen Be-triebs-sys-tem-ver-sio-nen
 []

pdfTeX warning (ext4): destination with the same identifier (name{page.2}) has been already used, duplicate ignored
<to be read again> 
                   \relax 
l.115     \subsubsection
                        {Cross-Platform-Entwicklung} [2]
Underfull \hbox (badness 2253) in paragraph at lines 116--128
\OT1/cmr/m/n/10 Be-triebs-sys-tem an-zu-pas-sen. [[]] Ei-ne API (Ap-p-li-ca-ti-on Pro-gram-ming
 []


Underfull \hbox (badness 10000) in paragraph at lines 116--128

 []


Underfull \hbox (badness 10000) in paragraph at lines 116--128

 []

pdfTeX warning (ext4): destination with the same identifier (name{page.3}) has been already used, duplicate ignored
<to be read again> 
                   \relax 
l.128     \subsubsection
                        {Web-Entwicklung} [3]
Underfull \hbox (badness 1097) in paragraph at lines 129--146
\OT1/cmr/m/n/10 Spra-chen, wie Bei-spiels-wei-se Py-thon, Ja-va und PHP, ent-wi-ckelt wer-den.
 []


Underfull \hbox (badness 10000) in paragraph at lines 129--146

 []


Underfull \hbox (badness 10000) in paragraph at lines 129--146

 []

pdfTeX warning (ext4): destination with the same identifier (name{page.4}) has been already used, duplicate ignored
<to be read again> 
                   \relax 
l.146     \subsubsection
                        {Hybride-Entwicklung} [4]
Underfull \hbox (badness 10000) in paragraph at lines 147--157

 []


Underfull \hbox (badness 10000) in paragraph at lines 147--157

 []


Underfull \hbox (badness 2903) in paragraph at lines 160--162
\OT1/cmr/m/n/10 Der TIO-BE In-dex ist ein Ran-king von ei-ni-gen Pro-gram-mier-spra-chen.
 []


Underfull \hbox (badness 3503) in paragraph at lines 160--162
\OT1/cmr/m/n/10 Das Ran-king er-folgt nach der An-zahl der Er-geb-nis-se f[]ur die Su-che
 []

[5]
Overfull \hbox (2.22221pt too wide) in paragraph at lines 171--182
[] [] 
 []

[6]
Underfull \hbox (badness 4872) in paragraph at lines 203--203
\OT1/cmr/m/n/10 sic, Ja-vaS-cript, PHP, SQL, R, Swift,
 []


Underfull \hbox (badness 1360) in paragraph at lines 203--203
\OT1/cmr/m/n/10 Go, MAT-LAB, As-sem-b-ly lan-gua-ge, Ru-
 []


Underfull \hbox (badness 1852) in paragraph at lines 203--203
\OT1/cmr/m/n/10 PL/SQL, Scratch, Clas-sic Vi-su-al Ba-sic,
 []


Overfull \hbox (15.0pt too wide) in paragraph at lines 203--227
[][]
 []


Overfull \hbox (2.22221pt too wide) in paragraph at lines 203--227
[] []
 []


Underfull \hbox (badness 10000) in paragraph at lines 203--227

 []

[7]
Underfull \hbox (badness 10000) in paragraph at lines 229--265

 []


Underfull \hbox (badness 1490) in paragraph at lines 229--265
\OT1/cmr/m/n/10 Nachfolgend wird f[]ur je-de der Pro-gram-mier-spra-chen an-ge-ge-ben, wel-ches
 []


Underfull \hbox (badness 10000) in paragraph at lines 229--265

 []

[8] [9]
Underfull \hbox (badness 2961) in paragraph at lines 267--285
\OT1/cmr/m/n/10 Das Her-aus-fil-tern von Pro-gram-mier-spra-chen, die kein Web Fra-me-work
 []


Underfull \hbox (badness 1112) in paragraph at lines 267--285
[]\OT1/cmr/m/n/10 uber ei-ne Er-wei-te-rung be-reit-stel-len, er-folgt, in-dem f[]ur je-de noch []ubrige
 []


Underfull \hbox (badness 10000) in paragraph at lines 267--285

 []


Underfull \hbox (badness 10000) in paragraph at lines 267--285

 []


Underfull \hbox (badness 10000) in paragraph at lines 267--285

 []

[10]
Underfull \hbox (badness 10000) in paragraph at lines 287--312
\OT1/cmr/m/n/10 Hier wird fol-gen-des f[]ur je-de Pro-gram-mier-spra-che ge-sucht:
 []


Underfull \hbox (badness 3088) in paragraph at lines 287--312
[]  $\OML/cmm/m/it/10 <$\OT1/cmr/m/n/10 Programmiersprache$\OML/cmm/m/it/10 >$ \OT1/cmr/m/n/10 his-to-ry\ f[]ur In-for-ma-tio-nen []uber die Pro-gram-
 []


Underfull \hbox (badness 10000) in paragraph at lines 287--312

 []


Underfull \hbox (badness 10000) in paragraph at lines 287--312

 []


Underfull \hbox (badness 10000) in paragraph at lines 287--312

 []


Underfull \hbox (badness 10000) in paragraph at lines 287--312

 []


Underfull \hbox (badness 10000) in paragraph at lines 287--312

 []


Underfull \hbox (badness 10000) in paragraph at lines 287--312

 []


Underfull \hbox (badness 1325) in paragraph at lines 287--312
\OT1/cmr/m/n/10 nem Blog erw[]ahnt. Die ers-ten Ver[]offentlichungen ka-men in den Jah-ren
 []


Underfull \hbox (badness 10000) in paragraph at lines 287--312

 []


Underfull \hbox (badness 1552) in paragraph at lines 287--312
\OT1/cmr/bx/n/10 Scala \OT1/cmr/m/n/10 wur-de 2001 von Mar-tin Oder-s-ky an-ge-fan-gen zu Ent-wi-ckeln und
 []


Underfull \hbox (badness 10000) in paragraph at lines 287--312

 []


Underfull \hbox (badness 10000) in paragraph at lines 287--312

 []


Underfull \hbox (badness 10000) in paragraph at lines 287--312

 []

[11] [12]
Underfull \hbox (badness 10000) in paragraph at lines 314--319

 []

[13]
Underfull \hbox (badness 10000) in paragraph at lines 323--347

 []


Underfull \hbox (badness 10000) in paragraph at lines 323--347

 []


Underfull \hbox (badness 10000) in paragraph at lines 323--347

 []


Underfull \hbox (badness 2213) in paragraph at lines 323--347
\OT1/cmr/m/n/10 Nachfolgend wer-den die 4 auf der GitHub Wei-sei-te be-trach-te-ten Pro-
 []

[14]
Overfull \hbox (2.02722pt too wide) in paragraph at lines 367--367
[]|\OT1/cmr/bx/n/10 Programmiersprache| 
 []


Underfull \hbox (badness 4084) in paragraph at lines 367--367
[]|\OT1/cmr/m/n/10 SqlConnection(in Sys-
 []


Underfull \hbox (badness 2293) in paragraph at lines 349--368
\OT1/cmr/m/n/10 Als Such-kri-te-ri-en f[]ur die Da-ten-bank und INI Bi-blio-the-ken die-nen die
 []


Underfull \hbox (badness 7981) in paragraph at lines 349--368
\OT1/cmr/m/n/10 Su-chen []  $\OML/cmm/m/it/10 <$\OT1/cmr/m/n/10 Programmiersprache$\OML/cmm/m/it/10 >$ \OT1/cmr/m/n/10 da-ta-ba-se connec-ti-on low le-vel\ und
 []


Underfull \hbox (badness 10000) in paragraph at lines 349--368
\OT1/cmr/m/n/10 Folgende Bi-blio-the-ken wur-den f[]ur die Pro-gram-mier-
 []


Underfull \hbox (badness 10000) in paragraph at lines 349--368
\OT1/cmr/m/n/10 spra-chen ge-fun-den und f[]ur den Ver-gleich ge-nom-men:
 []


Underfull \hbox (badness 1406) in paragraph at lines 371--379
[]  $\OML/cmm/m/it/10 <$\OT1/cmr/m/n/10 Programmiersprache$\OML/cmm/m/it/10 >$ \OT1/cmr/m/n/10 Web Fra-me-work\, []  $\OML/cmm/m/it/10 <$\OT1/cmr/m/n/10 Programmiersprache$\OML/cmm/m/it/10 >$ \OT1/cmr/m/n/10 Web
 []


Underfull \hbox (badness 10000) in paragraph at lines 371--379

 []

[15] [16]
Underfull \hbox (badness 10000) in paragraph at lines 385--391

 []


Underfull \hbox (badness 10000) in paragraph at lines 400--401

 []

[17]
Underfull \hbox (badness 10000) in paragraph at lines 417--418
[]\OT1/cmr/bx/n/10 Einleitung: \OT1/cmr/m/n/10 Bei ei-nem Pro-gramm spielt die
 []


Underfull \hbox (badness 1132) in paragraph at lines 419--420
[]\OT1/cmr/bx/n/10 Anforderung an die neue Platt-form: \OT1/cmr/m/n/10 Auch in der neu-en
 []


Underfull \hbox (badness 10000) in paragraph at lines 419--420

 []

[18] [19]
Underfull \hbox (badness 10000) in paragraph at lines 462--492

 []


Underfull \hbox (badness 1924) in paragraph at lines 462--492
[]\OT1/cmr/m/n/10 Auf Desktop Ger[]aten (PC, Lap-top) k[]onnen Pro-gram-me z.B. ei-nem
 []


Underfull \hbox (badness 10000) in paragraph at lines 462--492

 []


Underfull \hbox (badness 10000) in paragraph at lines 462--492

 []


Underfull \hbox (badness 10000) in paragraph at lines 462--492

 []


Underfull \hbox (badness 1038) in paragraph at lines 462--492
\OT1/cmr/m/n/10 und da-durch et-was Ge-schwin-dig-keit auf-ho-len. Vor al-lem wird durch die
 []

[20] [21] [22]
Underfull \hbox (badness 10000) in paragraph at lines 509--519

 []


Underfull \hbox (badness 1038) in paragraph at lines 509--519
\OT1/cmr/bx/n/10 Programmiersprache hat ei-ne Web Fra-me-work mit ei-nem GUI
 []

[23]
Underfull \hbox (badness 10000) in paragraph at lines 521--546

 []


Underfull \hbox (badness 1824) in paragraph at lines 521--546
\OT1/cmr/m/n/10 Folgende Pro-gram-mier-spra-chen wur-den ein-deu-tig als Hoch-spra-che ein-ge-
 []


Underfull \hbox (badness 10000) in paragraph at lines 521--546

 []


Underfull \hbox (badness 1708) in paragraph at lines 521--546
\OT1/cmr/bx/n/10 Programmiersprache hat ein Web Fra-me-work mit ei-nem GUI
 []

[24] [25]
Underfull \hbox (badness 1082) in paragraph at lines 571--578
\OT1/cmr/m/n/10 Pro-gram-mier-spra-chen er-stellt. Die bes-ten 5 Pro-gram-mier-spra-chen wer-den
 []

[26]
<JavaTIOBE.png, id=667, 642.4pt x 481.8pt>
File: JavaTIOBE.png Graphic file (type png)
<use JavaTIOBE.png>
Package pdftex.def Info: JavaTIOBE.png  used on input line 588.
(pdftex.def)             Requested size: 160.59961pt x 120.44969pt.
<JavaGitHut.png, id=668, 642.4pt x 481.8pt>
File: JavaGitHut.png Graphic file (type png)
<use JavaGitHut.png>
Package pdftex.def Info: JavaGitHut.png  used on input line 593.
(pdftex.def)             Requested size: 160.59961pt x 120.44969pt.

Overfull \hbox (2.22221pt too wide) in paragraph at lines 585--595
[]$[]$ $[]$ 
 []

<PythonTIOBE.png, id=669, 642.4pt x 481.8pt>
File: PythonTIOBE.png Graphic file (type png)
<use PythonTIOBE.png>
Package pdftex.def Info: PythonTIOBE.png  used on input line 604.
(pdftex.def)             Requested size: 160.59961pt x 120.44969pt.
<PythonGitHut.png, id=670, 642.4pt x 481.8pt>
File: PythonGitHut.png Graphic file (type png)
<use PythonGitHut.png>
Package pdftex.def Info: PythonGitHut.png  used on input line 609.
(pdftex.def)             Requested size: 160.59961pt x 120.44969pt.

Overfull \hbox (2.22221pt too wide) in paragraph at lines 601--611
[]$[]$ $[]$ 
 []

LaTeX Font Info:    External font `cmex10' loaded for size
(Font)              <9> on input line 619.
LaTeX Font Info:    External font `cmex10' loaded for size
(Font)              <6> on input line 619.
<CSharpTIOBE.png, id=671, 642.4pt x 481.8pt>
File: CSharpTIOBE.png Graphic file (type png)
<use CSharpTIOBE.png>
Package pdftex.def Info: CSharpTIOBE.png  used on input line 621.
(pdftex.def)             Requested size: 160.59961pt x 120.44969pt.
<CSharpGitHut.png, id=672, 642.4pt x 481.8pt>
File: CSharpGitHut.png Graphic file (type png)
<use CSharpGitHut.png>
Package pdftex.def Info: CSharpGitHut.png  used on input line 626.
(pdftex.def)             Requested size: 160.59961pt x 120.44969pt.

Overfull \hbox (2.22221pt too wide) in paragraph at lines 618--628
[]$[]$ $[]$ 
 []

<PHPTIOBE.png, id=673, 642.4pt x 481.8pt>
File: PHPTIOBE.png Graphic file (type png)
<use PHPTIOBE.png>
Package pdftex.def Info: PHPTIOBE.png  used on input line 639.
(pdftex.def)             Requested size: 160.59961pt x 120.44969pt.
<PHPGitHut.png, id=674, 642.4pt x 481.8pt>
File: PHPGitHut.png Graphic file (type png)
<use PHPGitHut.png>
Package pdftex.def Info: PHPGitHut.png  used on input line 644.
(pdftex.def)             Requested size: 160.59961pt x 120.44969pt.

Overfull \hbox (2.22221pt too wide) in paragraph at lines 636--646
[]$[]$ $[]$ 
 []

<GroovyTIOBE.png, id=675, 642.4pt x 481.8pt>
File: GroovyTIOBE.png Graphic file (type png)
<use GroovyTIOBE.png>
Package pdftex.def Info: GroovyTIOBE.png  used on input line 659.
(pdftex.def)             Requested size: 160.59961pt x 120.44969pt.
<GroovyGitHut.png, id=676, 642.4pt x 481.8pt>
File: GroovyGitHut.png Graphic file (type png)
<use GroovyGitHut.png>
Package pdftex.def Info: GroovyGitHut.png  used on input line 664.
(pdftex.def)             Requested size: 160.59961pt x 120.44969pt.

Overfull \hbox (2.22221pt too wide) in paragraph at lines 656--666
[]$[]$ $[]$ 
 []

<ScalaTIOBE.png, id=677, 642.4pt x 481.8pt>
File: ScalaTIOBE.png Graphic file (type png)
<use ScalaTIOBE.png>
Package pdftex.def Info: ScalaTIOBE.png  used on input line 677.
(pdftex.def)             Requested size: 160.59961pt x 120.44969pt.
<ScalaGitHut.png, id=678, 642.4pt x 481.8pt>
File: ScalaGitHut.png Graphic file (type png)
<use ScalaGitHut.png>
Package pdftex.def Info: ScalaGitHut.png  used on input line 682.
(pdftex.def)             Requested size: 160.59961pt x 120.44969pt.

Overfull \hbox (2.22221pt too wide) in paragraph at lines 674--684
[]$[]$ $[]$ 
 []

<KotlinTIOBE.png, id=679, 642.4pt x 481.8pt>
File: KotlinTIOBE.png Graphic file (type png)
<use KotlinTIOBE.png>
Package pdftex.def Info: KotlinTIOBE.png  used on input line 695.
(pdftex.def)             Requested size: 160.59961pt x 120.44969pt.
<KotlinGitHut.png, id=680, 642.4pt x 481.8pt>
File: KotlinGitHut.png Graphic file (type png)
<use KotlinGitHut.png>
Package pdftex.def Info: KotlinGitHut.png  used on input line 700.
(pdftex.def)             Requested size: 160.59961pt x 120.44969pt.

Overfull \hbox (2.22221pt too wide) in paragraph at lines 692--702
[]$[]$ $[]$ 
 []


Underfull \hbox (badness 10000) in paragraph at lines 580--788

 []


Underfull \hbox (badness 10000) in paragraph at lines 580--788

 []


Underfull \hbox (badness 10000) in paragraph at lines 580--788

 []


Underfull \hbox (badness 10000) in paragraph at lines 580--788

 []


Underfull \hbox (badness 10000) in paragraph at lines 580--788

 []


Underfull \hbox (badness 10000) in paragraph at lines 580--788

 []


Underfull \hbox (badness 1400) in paragraph at lines 580--788
\OT1/cmr/m/n/10 Ich stu-fe PHP nicht als ganz Zu-kunfts-si-cher ein. Sie wird wahr-schein-
 []


Underfull \hbox (badness 10000) in paragraph at lines 580--788

 []


Underfull \hbox (badness 10000) in paragraph at lines 580--788

 []


Underfull \hbox (badness 10000) in paragraph at lines 580--788

 []


Underfull \hbox (badness 10000) in paragraph at lines 580--788

 []


Underfull \hbox (badness 10000) in paragraph at lines 580--788

 []


Underfull \hbox (badness 6445) in paragraph at lines 580--788
\OT1/cmr/m/n/10 Folgende Pro-gram-mier-spra-chen wur-den als Zu-kunfts-si-cher ein-gesch[]atzt
 []


Underfull \hbox (badness 10000) in paragraph at lines 580--788

 []


Underfull \hbox (badness 10000) in paragraph at lines 580--788
\OT1/cmr/m/n/10 Da die Ausf[]uhrungszeit hier un-ter-schied-lich ist und nicht der
 []


Underfull \hbox (badness 10000) in paragraph at lines 580--788

 []


Underfull \hbox (badness 10000) in paragraph at lines 580--788

 []


Underfull \hbox (badness 10000) in paragraph at lines 580--788
\OT1/cmr/bx/n/10 Ergebnisse Ausf[]uhrungsgeschwindigkeits- und Ent-wick-lungs-ge-
 []


Underfull \hbox (badness 10000) in paragraph at lines 580--788

 []


Overfull \hbox (6.23726pt too wide) in paragraph at lines 580--788
[]
 []


Underfull \hbox (badness 10000) in paragraph at lines 580--788

 []


Underfull \hbox (badness 1194) in paragraph at lines 580--788
\OT1/cmr/m/n/10 ben[]otigen. Das liegt dar-an, dass Py-thon kei-ne Sicht-bar-keits-mo-di-fier wie
 []


Underfull \hbox (badness 10000) in paragraph at lines 580--788

 []


Underfull \hbox (badness 2293) in paragraph at lines 580--788
\OT1/cmr/m/n/10 Entwicklungstechnisch sor-tie-re ich die 6 Pro-gram-mier-spra-chen des-we-gen
 []


Underfull \hbox (badness 10000) in paragraph at lines 580--788

 []


Underfull \hbox (badness 1577) in paragraph at lines 580--788
\OT1/cmr/m/n/10 Nach den Er-geb-nis-sen der Ausf[]uhrungszeit ord-ne ich die Pro-gram-mier-
 []


Underfull \hbox (badness 10000) in paragraph at lines 580--788

 []


Underfull \hbox (badness 10000) in paragraph at lines 580--788

 []


Underfull \hbox (badness 1622) in paragraph at lines 580--788
\OT1/cmr/m/n/10 Anhand der An-ord-nung w[]aren die Top 4 Pro-gram-mier-spra-chen Kot-lin,
 []

[27 </home/jonas/Desktop/Bachelorarbeit_Jonas_Borgerding/Schriftlicher Teil - Mit LaTeX Code/JavaTIOBE.png (PNG copy)> </home/jonas/Desktop/Bachelorarbeit_Jonas_Borgerding/Schriftlicher Teil - Mit LaTeX Code/JavaGitHut.png (PNG copy)>] [28 </home/jonas/Desktop/Bachelorarbeit_Jonas_Borgerding/Schriftlicher Teil - Mit LaTeX Code/PythonTIOBE.png (PNG copy)> </home/jonas/Desktop/Bachelorarbeit_Jonas_Borgerding/Schriftlicher Teil - Mit LaTeX Code/PythonGitHut.png (PNG copy)> </home/jonas/Desktop/Bachelorarbeit_Jonas_Borgerding/Schriftlicher Teil - Mit LaTeX Code/CSharpTIOBE.png (PNG copy)> </home/jonas/Desktop/Bachelorarbeit_Jonas_Borgerding/Schriftlicher Teil - Mit LaTeX Code/CSharpGitHut.png (PNG copy)>] [29 </home/jonas/Desktop/Bachelorarbeit_Jonas_Borgerding/Schriftlicher Teil - Mit LaTeX Code/PHPTIOBE.png (PNG copy)> </home/jonas/Desktop/Bachelorarbeit_Jonas_Borgerding/Schriftlicher Teil - Mit LaTeX Code/PHPGitHut.png (PNG copy)>] [30 </home/jonas/Desktop/Bachelorarbeit_Jonas_Borgerding/Schriftlicher Teil - Mit LaTeX Code/GroovyTIOBE.png (PNG copy)> </home/jonas/Desktop/Bachelorarbeit_Jonas_Borgerding/Schriftlicher Teil - Mit LaTeX Code/GroovyGitHut.png (PNG copy)> </home/jonas/Desktop/Bachelorarbeit_Jonas_Borgerding/Schriftlicher Teil - Mit LaTeX Code/ScalaTIOBE.png (PNG copy)> </home/jonas/Desktop/Bachelorarbeit_Jonas_Borgerding/Schriftlicher Teil - Mit LaTeX Code/ScalaGitHut.png (PNG copy)>] [31 </home/jonas/Desktop/Bachelorarbeit_Jonas_Borgerding/Schriftlicher Teil - Mit LaTeX Code/KotlinTIOBE.png (PNG copy)> </home/jonas/Desktop/Bachelorarbeit_Jonas_Borgerding/Schriftlicher Teil - Mit LaTeX Code/KotlinGitHut.png (PNG copy)>] [32] [33] [34] [35]
Underfull \hbox (badness 10000) in paragraph at lines 817--820

 []

[36] [37] [38] [39]
Underfull \hbox (badness 10000) in paragraph at lines 1265--1266
[]\OT1/cmr/m/n/10 Vorteile na-ti-ver An-wen-dun-gen[]$\OT1/cmtt/m/n/10 https : / / mlsdev . com / blog /
 []


Underfull \hbox (badness 10000) in paragraph at lines 1265--1266
\OT1/cmtt/m/n/10 native-[]app-[]development-[]vs-[]web-[]and-[]hybrid-[]app-[]development$[]
 []


Underfull \hbox (badness 10000) in paragraph at lines 1267--1268
[]\OT1/cmr/m/n/10 Vor- und Nach-tei-le ei-ner Na-ti-ven, Web und Hy-
 []


Underfull \hbox (badness 10000) in paragraph at lines 1267--1268
\OT1/cmr/m/n/10 bri-den An-wen-dung[]$\OT1/cmtt/m/n/10 https : / / threefourteen . ie / blog /
 []


Underfull \hbox (badness 10000) in paragraph at lines 1267--1268
\OT1/cmtt/m/n/10 advantages-[]and-[]disadvantages-[]of-[]web-[]native-[]and-[]hybrid-[]apps/$[]
 []


Underfull \hbox (badness 10000) in paragraph at lines 1269--1270
[]\OT1/cmr/m/n/10 Cross-Platform De-fi-ni-ti-on: []$\OT1/cmtt/m/n/10 https : / / www . techopedia . com /
 []


Underfull \hbox (badness 10000) in paragraph at lines 1271--1272
[]\OT1/cmr/m/n/10 Cross-Platform Vor-tei-le: []$\OT1/cmtt/m/n/10 https : / / medium . com / successivetech /
 []


Underfull \hbox (badness 10000) in paragraph at lines 1273--1274
[]\OT1/cmr/m/n/10 Cross-Platform Vor-tei-le: []$\OT1/cmtt/m/n/10 https : / / www . focaloid . com / blog /
 []


Underfull \hbox (badness 10000) in paragraph at lines 1275--1276
[]\OT1/cmr/m/n/10 Cross-Platform Vor- und Nach-tei-le: []$\OT1/cmtt/m/n/10 https : / / codeburst . io /
 []


Overfull \hbox (26.80252pt too wide) in paragraph at lines 1275--1276
\OT1/cmtt/m/n/10 native-[]vs-[]cross-[]platform-[]app-[]development-[]pros-[]and-[]cons-[]49f397bb38ac$[]
 []


Underfull \hbox (badness 10000) in paragraph at lines 1277--1278
[]\OT1/cmr/m/n/10 Web Ent-wick-lung De-fi-ni-ti-on: []$\OT1/cmtt/m/n/10 https : / / www . techopedia . com /
 []


Underfull \hbox (badness 1048) in paragraph at lines 1279--1280
[]\OT1/cmr/m/n/10 Web Ent-wick-lung Funk-ti-ons-wei-se: []$\OT1/cmtt/m/n/10 https : / / networkencyclopedia .
 []


Underfull \hbox (badness 10000) in paragraph at lines 1281--1282
[]\OT1/cmr/m/n/10 Vorteile Web Ent-wick-lung: []$\OT1/cmtt/m/n/10 https : / / www . nirvanacanada . com /
 []


Overfull \hbox (62.5522pt too wide) in paragraph at lines 1281--1282
\OT1/cmtt/m/n/10 businessonline / the-[]benefits-[]of-[]web-[]application-[]development-[]for-[]businesses/$[]
 []


Underfull \hbox (badness 10000) in paragraph at lines 1283--1284
\OT1/cmtt/m/n/10 blog / advantages-[]and-[]disadvantages-[]of-[]web-[]app-[]development/$[]
 []


Underfull \hbox (badness 6284) in paragraph at lines 1285--1286
[]\OT1/cmr/m/n/10 Nachteile Web Ent-wick-lung: []$\OT1/cmtt/m/n/10 https : / / www . linkedin . com / pulse /
 []


Underfull \hbox (badness 10000) in paragraph at lines 1285--1286
\OT1/cmtt/m/n/10 advantages-[]disadvantages-[]web-[]app-[]development-[]luis-[]picurelli$[]
 []


Underfull \hbox (badness 10000) in paragraph at lines 1287--1288
[]\OT1/cmr/m/n/10 Vorteile Web Ent-wick-lung: []$\OT1/cmtt/m/n/10 https : / / clearbridgemobile . com /
 []


Underfull \hbox (badness 2753) in paragraph at lines 1291--1292
[]\OT1/cmr/m/n/10 GitHut 2.0 Be-schrei-bung (un-ter PI-Chart): []$\OT1/cmtt/m/n/10 https : / / madnight .
 []


Underfull \hbox (badness 4120) in paragraph at lines 1293--1294
[][]  \OT1/cmr/m/n/10 Hoch-spra-chen\ und []  Tief-spra-chen\: []$\OT1/cmtt/m/n/10 https : / / careerkarma . com /
 []

[40]
Underfull \hbox (badness 1874) in paragraph at lines 1301--1302
[]\OT1/cmr/m/n/10 TIOBE In-dex von M[]arz 2020: []$\OT1/cmtt/m/n/10 https : / / web . archive . org / web /
 []


Underfull \hbox (badness 1874) in paragraph at lines 1303--1304
[]\OT1/cmr/m/n/10 TIOBE In-dex von April 2020: []$\OT1/cmtt/m/n/10 https : / / web . archive . org / web /
 []


Underfull \hbox (badness 3679) in paragraph at lines 1305--1306
[]\OT1/cmr/m/n/10 TIOBE In-dex von Mai 2020: []$\OT1/cmtt/m/n/10 https : / / web . archive . org / web /
 []


Underfull \hbox (badness 2903) in paragraph at lines 1307--1308
[]\OT1/cmr/m/n/10 TIOBE In-dex von Ju-ni 2020: []$\OT1/cmtt/m/n/10 https : / / web . archive . org / web /
 []


Underfull \hbox (badness 3965) in paragraph at lines 1309--1310
[]\OT1/cmr/m/n/10 TIOBE In-dex von Ju-li 2020: []$\OT1/cmtt/m/n/10 https : / / web . archive . org / web /
 []


Underfull \hbox (badness 2142) in paragraph at lines 1325--1326
[]\OT1/cmr/m/n/10 Java Sprach-le-vel Oracle: []$\OT1/cmtt/m/n/10 https : / / docs . oracle . com / javase / specs /
 []


Underfull \hbox (badness 1270) in paragraph at lines 1327--1328
[]\OT1/cmr/m/n/10 Java Sprach-le-vel Me-di-um: []$\OT1/cmtt/m/n/10 https : / / medium . com / @escalesolutions /
 []


Overfull \hbox (143.80151pt too wide) in paragraph at lines 1327--1328
\OT1/cmtt/m/n/10 java-[]tutorial-[]best-[]five-[]tutorials-[]to-[]master-[]java-[]programming-[]language-[]in-[]2018-[]9916987df48$[]
 []

[41]
Underfull \hbox (badness 10000) in paragraph at lines 1331--1332
[]\OT1/cmr/m/n/10 C Sprach-le-vel Me-di-um: []$\OT1/cmtt/m/n/10 https : / / medium . com / swlh /
 []


Overfull \hbox (32.05247pt too wide) in paragraph at lines 1331--1332
\OT1/cmtt/m/n/10 a-[]high-[]level-[]introduction-[]to-[]the-[]c-[]programming-[]language-[]f5ada5a5bd5d$[]
 []


Underfull \hbox (badness 4378) in paragraph at lines 1333--1334
[]\OT1/cmr/m/n/10 C++ Sprach-le-vel Ge-eks-For-Ge-eks: []$\OT1/cmtt/m/n/10 https : / / www . geeksforgeeks .
 []


Underfull \hbox (badness 1297) in paragraph at lines 1335--1336
[]\OT1/cmr/m/n/10 Python Sprach-le-vel Py-thon: []$\OT1/cmtt/m/n/10 https : / / www . python . org / doc / essays /
 []


Underfull \hbox (badness 10000) in paragraph at lines 1337--1338
[]\OT1/cmr/m/n/10 Python Sprach-le-vel hackr.io: []$\OT1/cmtt/m/n/10 https : / / hackr . io / blog /
 []


Underfull \hbox (badness 10000) in paragraph at lines 1339--1340
[]\OT1/cmr/m/n/10 C$\OML/cmm/m/it/10 ]$ \OT1/cmr/m/n/10 Sprach-le-vel Me-di-um: []$\OT1/cmtt/m/n/10 https : / / medium . com / sololearn /
 []


Overfull \hbox (91.30197pt too wide) in paragraph at lines 1339--1340
\OT1/cmtt/m/n/10 why-[]is-[]c-[]among-[]the-[]most-[]popular-[]programming-[]languages-[]in-[]the-[]world-[]ccf26824ffcb$[]
 []


Underfull \hbox (badness 4940) in paragraph at lines 1341--1342
[]\OT1/cmr/m/n/10 C$\OML/cmm/m/it/10 ]$ \OT1/cmr/m/n/10 Sprach-le-vel Ca-teer Kar-ma: []$\OT1/cmtt/m/n/10 https : / / careerkarma . com / blog /
 []


Underfull \hbox (badness 10000) in paragraph at lines 1343--1344
[]\OT1/cmr/m/n/10 Visual Ba-sic .NET Sprach-le-vel Re-se-ar-ch-ga-te: []$\OT1/cmtt/m/n/10 https :
 []


Underfull \hbox (badness 10000) in paragraph at lines 1343--1344
\OT1/cmtt/m/n/10 / / www . researchgate . net / publication / 267788607 _ CIL _ Programming _
 []


Underfull \hbox (badness 2035) in paragraph at lines 1345--1346
[]\OT1/cmr/m/n/10 Visual Ba-sic .NET Sprach-le-vel Ac-se-duon-li-ne: []$\OT1/cmtt/m/n/10 https : / / www .
 []


Underfull \hbox (badness 10000) in paragraph at lines 1345--1346
\OT1/cmtt/m/n/10 acseduonline . com / courses / information-[]technology-[]computers-[]5 /
 []


Underfull \hbox (badness 10000) in paragraph at lines 1347--1348
[]\OT1/cmr/m/n/10 JavaScript Sprach-le-vel Plu-ral-sight-Plu-ral-sight: []$\OT1/cmtt/m/n/10 https : / / www .
 []


Underfull \hbox (badness 10000) in paragraph at lines 1349--1350
[]\OT1/cmr/m/n/10 JavaScript Sprach-le-vel Tut-splus: []$\OT1/cmtt/m/n/10 https : / / code . tutsplus . com /
 []


Underfull \hbox (badness 10000) in paragraph at lines 1351--1352
[]\OT1/cmr/m/n/10 PHP Sprach-le-vel EDUC-BA: []$\OT1/cmtt/m/n/10 https : / / www . educba . com /
 []


Underfull \hbox (badness 10000) in paragraph at lines 1353--1354
[]\OT1/cmr/m/n/10 SQL Sprach-le-vel Oracle Pat-ches: []$\OT1/cmtt/m/n/10 https :
 []


Underfull \hbox (badness 10000) in paragraph at lines 1353--1354
\OT1/cmtt/m/n/10 / / oracle-[]patches . com / en / databases / sql /
 []


Underfull \hbox (badness 4303) in paragraph at lines 1355--1356
[]\OT1/cmr/m/n/10 Swift Sprach-le-vel best-pro-gram-minglan-gua-ge-for.me: []$\OT1/cmtt/m/n/10 https : / / www .
 []


Underfull \hbox (badness 3492) in paragraph at lines 1357--1358
[]\OT1/cmr/m/n/10 Swift Sprach-le-vel In-foq: []$\OT1/cmtt/m/n/10 https : / / www . infoq . com / news / 2014 / 06 /
 []

[42]
Underfull \hbox (badness 10000) in paragraph at lines 1359--1360
[]\OT1/cmr/m/n/10 Ruby Sprach-le-vel best-pro-gram-minglan-gua-ge-for.me: []$\OT1/cmtt/m/n/10 https :
 []


Underfull \hbox (badness 10000) in paragraph at lines 1361--1362
[]\OT1/cmr/m/n/10 Ruby Sprach-le-vel is-leo-fru-by: []$\OT1/cmtt/m/n/10 http : / / isleofruby . org /
 []


Underfull \hbox (badness 10000) in paragraph at lines 1363--1364
[]\OT1/cmr/m/n/10 Delphi/Object Pas-cal Sprach-le-vel is-leo-fru-by: []$\OT1/cmtt/m/n/10 http : / / docwiki .
 []


Underfull \hbox (badness 10000) in paragraph at lines 1363--1364
\OT1/cmtt/m/n/10 embarcadero . com / RADStudio / Sydney / en / Language _ Overview$[]
 []


Underfull \hbox (badness 1742) in paragraph at lines 1365--1366
[]\OT1/cmr/m/n/10 Delphi/Object Pas-cal Sprach-le-vel is-leo-fru-by: []$\OT1/cmtt/m/n/10 https : / / kolmck . net /
 []


Underfull \hbox (badness 10000) in paragraph at lines 1367--1368
[]\OT1/cmr/m/n/10 Objective-C Sprach-le-vel gsdh: []$\OT1/cmtt/m/n/10 https : / / www . gsdh . org / en /
 []


Underfull \hbox (badness 10000) in paragraph at lines 1369--1370
[]\OT1/cmr/m/n/10 Assembly Lan-gua-ge Sprach-le-vel is-leo-fru-by: []$\OT1/cmtt/m/n/10 https : / / www .
 []


Underfull \hbox (badness 3000) in paragraph at lines 1371--1372
[]\OT1/cmr/m/n/10 Assembly Lan-gua-ge Sprach-le-vel gsdh: []$\OT1/cmtt/m/n/10 https : / / www . educba . com /
 []


Underfull \hbox (badness 10000) in paragraph at lines 1373--1374
[]\OT1/cmr/m/n/10 Go Sprach-le-vel Me-di-um: []$\OT1/cmtt/m/n/10 https : / / medium . com / @imdanielsp /
 []


Underfull \hbox (badness 10000) in paragraph at lines 1375--1376
[]\OT1/cmr/m/n/10 R Sprach-le-vel Co-de-men-tor: []$\OT1/cmtt/m/n/10 https : / / www . codementor . io /
 []


Overfull \hbox (153.80142pt too wide) in paragraph at lines 1375--1376
\OT1/cmtt/m/n/10 @sayantinideb / r-[]vs-[]python-[]best-[]programming-[]language-[]for-[]data-[]science-[]and-[]analysis-[]te05xgx98$[]
 []


Underfull \hbox (badness 10000) in paragraph at lines 1377--1378
[]\OT1/cmr/m/n/10 MATLAB Sprach-le-vel Sprin-ger-pro-fes-sio-
 []


Underfull \hbox (badness 10000) in paragraph at lines 1377--1378
\OT1/cmr/m/n/10 nal: []$\OT1/cmtt/m/n/10 https : / / www . springerprofessional . de / en /
 []


Underfull \hbox (badness 10000) in paragraph at lines 1381--1382
[]\OT1/cmr/m/n/10 D Sprach-le-vel Com-pu-ter-ho-pe: []$\OT1/cmtt/m/n/10 https : / / www . computerhope . com /
 []


Underfull \hbox (badness 10000) in paragraph at lines 1387--1388
[]\OT1/cmr/m/n/10 Rust Sprach-le-vel dev.to: []$\OT1/cmtt/m/n/10 https : / / dev . to / lambdude / comment / 1okc$[]
 []


Underfull \hbox (badness 1902) in paragraph at lines 1389--1390
[]\OT1/cmr/m/n/10 Groovy Sprach-le-vel cs.com: []$\OT1/cmtt/m/n/10 https : / / wiki . c2 . com / ?GroovyLanguage$[]
 []

[43]
Underfull \hbox (badness 10000) in paragraph at lines 1391--1392
[]\OT1/cmr/m/n/10 Dart Sprach-le-vel co-de-car-bon: []$\OT1/cmtt/m/n/10 https : / / codecarbon . com /
 []


Underfull \hbox (badness 10000) in paragraph at lines 1393--1394
[]\OT1/cmr/m/n/10 Dart Sprach-le-vel ja-vat-point: []$\OT1/cmtt/m/n/10 https : / / www . javatpoint . com /
 []


Underfull \hbox (badness 10000) in paragraph at lines 1395--1396
[]\OT1/cmr/m/n/10 Typescript of-fi-zi-el-le Web-sei-te: []$\OT1/cmtt/m/n/10 https : / / www . typescriptlang . org/$[]
 []


Underfull \hbox (badness 10000) in paragraph at lines 1399--1400
[]\OT1/cmr/m/n/10 Scala Sprach-le-vel Top-tal: []$\OT1/cmtt/m/n/10 https : / / www . toptal . com / scala /
 []


Underfull \hbox (badness 10000) in paragraph at lines 1403--1404
[]\OT1/cmr/m/n/10 Lua Sprach-le-vel Me-di-um: []$\OT1/cmtt/m/n/10 https : / / medium . com / turing-[]ninjas /
 []


Overfull \hbox (235.05074pt too wide) in paragraph at lines 1403--1404
\OT1/cmtt/m/n/10 the-[]double-[]edged-[]programming-[]language-[]lua-[]easy-[]for-[]kids-[]to-[]learn-[]and-[]also-[]powerful-[]enough-[]for-[]ca772e24a32b$[]
 []


Overfull \hbox (53.05229pt too wide) in paragraph at lines 1409--1410
\OT1/cmtt/m/n/10 build-[]web-[]applications-[]with-[]radzen-[]blazor-[]csharp-[]no-[]javascript-[]required/$[]
 []


Underfull \hbox (badness 10000) in paragraph at lines 1411--1412
[]\OT1/cmr/m/n/10 Artikel []uber Web-Forms: []$\OT1/cmtt/m/n/10 https : / / docs . microsoft .
 []


Underfull \hbox (badness 10000) in paragraph at lines 1411--1412
\OT1/cmtt/m/n/10 com / en-[]us / archive / msdn-[]magazine / 2001 / may /
 []


Overfull \hbox (39.80243pt too wide) in paragraph at lines 1411--1412
\OT1/cmtt/m/n/10 asp-[]net-[]web-[]forms-[]let-[]you-[]drag-[]and-[]drop-[]your-[]way-[]to-[]powerful-[]web-[]apps$[]
 []


Underfull \hbox (badness 10000) in paragraph at lines 1421--1422
[]\OT1/cmr/m/n/10 TypeScript We-bix: []$\OT1/cmtt/m/n/10 https : / / blog . webix . com /
 []


Underfull \hbox (badness 10000) in paragraph at lines 1423--1424
[]\OT1/cmr/m/n/10 Scala Vaa-din: []$\OT1/cmtt/m/n/10 https : / / vaadin . com / docs / v8 / framework /
 []


Underfull \hbox (badness 10000) in paragraph at lines 1427--1428
[]\OT1/cmr/m/n/10 Java Gr[]undung: []$\OT1/cmtt/m/n/10 https : / / www . javatpoint . com / history-[]of-[]java$[]
 []

[44]
Underfull \hbox (badness 10000) in paragraph at lines 1429--1430
[]\OT1/cmr/m/n/10 Java letz-tes Up-da-te: []$\OT1/cmtt/m/n/10 https : / / www . codejava . net / java-[]se /
 []


Underfull \hbox (badness 10000) in paragraph at lines 1431--1432
[]\OT1/cmr/m/n/10 Python Gr[]undung Teil 1: []$\OT1/cmtt/m/n/10 https : / / www . geeksforgeeks . org /
 []


Underfull \hbox (badness 10000) in paragraph at lines 1433--1434
[]\OT1/cmr/m/n/10 Python Gr[]undung Teil 2: []$\OT1/cmtt/m/n/10 https : / / www . javatpoint . com /
 []


Underfull \hbox (badness 10000) in paragraph at lines 1435--1436
[]\OT1/cmr/m/n/10 Python letz-tes Up-da-te: []$\OT1/cmtt/m/n/10 https : / / www . python . org / downloads/$[]
 []


Underfull \hbox (badness 10000) in paragraph at lines 1437--1438
[]\OT1/cmr/m/n/10 C$\OML/cmm/m/it/10 ]$ \OT1/cmr/m/n/10 Gr[]undung: []$\OT1/cmtt/m/n/10 https : / / medium . com / sololearn /
 []


Overfull \hbox (91.30197pt too wide) in paragraph at lines 1437--1438
\OT1/cmtt/m/n/10 why-[]is-[]c-[]among-[]the-[]most-[]popular-[]programming-[]languages-[]in-[]the-[]world-[]ccf26824ffcb$[]
 []


Underfull \hbox (badness 10000) in paragraph at lines 1439--1440
[]\OT1/cmr/m/n/10 C$\OML/cmm/m/it/10 ]$ \OT1/cmr/m/n/10 letz-tes Up-da-te 8.0: []$\OT1/cmtt/m/n/10 https : / / docs . microsoft . com / en-[]us /
 []


Underfull \hbox (badness 10000) in paragraph at lines 1443--1444
[]\OT1/cmr/m/n/10 Visual Ba-sic .NET Gr[]undung: []$\OT1/cmtt/m/n/10 https : / / www . guru99 . com /
 []


Underfull \hbox (badness 10000) in paragraph at lines 1445--1446
[]\OT1/cmr/m/n/10 Visual Ba-sic .NET letz-tes Up-da-te 16.0: []$\OT1/cmtt/m/n/10 https :
 []


Underfull \hbox (badness 10000) in paragraph at lines 1445--1446
\OT1/cmtt/m/n/10 / / docs . microsoft . com / en-[]us / dotnet / visual-[]basic / whats-[]new /
 []


Underfull \hbox (badness 4156) in paragraph at lines 1447--1448
[]\OT1/cmr/m/n/10 Visual Ba-sic .NET wei-te-res Up-da-te: []$\OT1/cmtt/m/n/10 https : / / devblogs .
 []


Underfull \hbox (badness 10000) in paragraph at lines 1447--1448
\OT1/cmtt/m/n/10 microsoft . com / vbteam / visual-[]basic-[]support-[]planned-[]for-[]net-[]5-[]0/$[]
 []


Underfull \hbox (badness 10000) in paragraph at lines 1449--1450
[]\OT1/cmr/m/n/10 JavaScript Gr[]undung: []$\OT1/cmtt/m/n/10 https : / / careerkarma . com / blog /
 []


Underfull \hbox (badness 1789) in paragraph at lines 1451--1452
[]\OT1/cmr/m/n/10 JavaScript letz-tes Up-da-te: []$\OT1/cmtt/m/n/10 https : / / www . freecodecamp . org / news /
 []


Underfull \hbox (badness 2894) in paragraph at lines 1453--1454
[]\OT1/cmr/m/n/10 PHP Gr[]undung: []$\OT1/cmtt/m/n/10 https : / / www . php . net / manual / en / history . php .
 []


Underfull \hbox (badness 5578) in paragraph at lines 1455--1456
[]\OT1/cmr/m/n/10 PHP letz-te Ver[]offentlichung: []$\OT1/cmtt/m/n/10 https : / / www . php . net / releases /
 []


Underfull \hbox (badness 10000) in paragraph at lines 1457--1458
[]\OT1/cmr/m/n/10 Delphi/Object Pas-cal Gr[]undung: []$\OT1/cmtt/m/n/10 https : / / vakrio . medium . com /
 []


Overfull \hbox (37.80243pt too wide) in paragraph at lines 1457--1458
\OT1/cmtt/m/n/10 history-[]of-[]delphi-[]from-[]pascal-[]to-[]embarcadero-[]delphi-[]xe-[]2-[]c6809366ae45$[]
 []


Underfull \hbox (badness 10000) in paragraph at lines 1459--1460
[]\OT1/cmr/m/n/10 Delphi/Object Pas-cal letz-te Ver[]offentlichung: []$\OT1/cmtt/m/n/10 https : / / wiki .
 []

[45]
Underfull \hbox (badness 10000) in paragraph at lines 1463--1464
[]\OT1/cmr/m/n/10 Groovy letz-tes Up-da-te: []$\OT1/cmtt/m/n/10 https : / / github . com / apache / groovy /
 []


Underfull \hbox (badness 10000) in paragraph at lines 1465--1466
[]\OT1/cmr/m/n/10 TypeScript Gr[]undung: []$\OT1/cmtt/m/n/10 https : / / coderlipi . com / typescript /
 []


Underfull \hbox (badness 10000) in paragraph at lines 1467--1468
[]\OT1/cmr/m/n/10 TypeScript letz-tes Up-da-te: []$\OT1/cmtt/m/n/10 https : / / github . com / microsoft /
 []


Underfull \hbox (badness 10000) in paragraph at lines 1469--1470
[]\OT1/cmr/m/n/10 Scala Gr[]undung: []$\OT1/cmtt/m/n/10 https : / / www . educative . io / courses /
 []


Underfull \hbox (badness 2653) in paragraph at lines 1471--1472
[]\OT1/cmr/m/n/10 Scala letz-tes Up-da-te: []$\OT1/cmtt/m/n/10 https : / / github . com / scala / scala / releases$[]
 []


Underfull \hbox (badness 10000) in paragraph at lines 1475--1476
[]\OT1/cmr/m/n/10 Kotlin letz-tes Up-da-te: []$\OT1/cmtt/m/n/10 https : / / kotlinlang . org / releases . html$[]
 []


Underfull \hbox (badness 1147) in paragraph at lines 1477--1478
[]\OT1/cmr/m/n/10 Computer Lan-gua-ge Bench-marks Ga-me: []$\OT1/cmtt/m/n/10 https : / / en . wikipedia .
 []


Underfull \hbox (badness 10000) in paragraph at lines 1479--1480
[]\OT1/cmr/m/n/10 Stromvergleich von The-new-stack.io: []$\OT1/cmtt/m/n/10 https : / / thenewstack . io /
 []


Underfull \hbox (badness 10000) in paragraph at lines 1479--1480
\OT1/cmtt/m/n/10 which-[]programming-[]languages-[]use-[]the-[]least-[]electricity/$[]
 []


Underfull \hbox (badness 10000) in paragraph at lines 1481--1482
[]\OT1/cmr/m/n/10 Aufs[]uhrungszeit ver-gleich von at-trac-ti-vecha-os: []$\OT1/cmtt/m/n/10 https : / /
 []


Underfull \hbox (badness 10000) in paragraph at lines 1483--1484
[]\OT1/cmr/m/n/10 Mono-2.10.1: []$\OT1/cmtt/m/n/10 https : / / www . mono-[]project . com / docs / about-[]mono /
 []


Underfull \hbox (badness 10000) in paragraph at lines 1485--1486
[]\OT1/cmtt/m/n/10 JRE-1.6.0_25\OT1/cmr/m/n/10 : []$\OT1/cmtt/m/n/10 https : / / blogs . oracle . com / ebstech /
 []


Underfull \hbox (badness 10000) in paragraph at lines 1485--1486
\OT1/cmtt/m/n/10 sun-[]jre-[]16025-[]certified-[]with-[]oracle-[]e-[]business-[]suite$[]
 []


Underfull \hbox (badness 10000) in paragraph at lines 1489--1490
[]\OT1/cmr/m/n/10 JaegarMonkey-a95d42642281: []$\OT1/cmtt/m/n/10 https : / / wiki . mozilla . org /
 []

[46]
Underfull \hbox (badness 10000) in paragraph at lines 1501--1502
[]\OT1/cmr/m/n/10 TIOBE De-fi-ni-ti-on: []$\OT1/cmtt/m/n/10 https : / / www . tiobe . com / tiobe-[]index /
 []


Underfull \hbox (badness 2103) in paragraph at lines 1503--1504
[]\OT1/cmr/m/n/10 Mehrere Ja-va Fra-me-works Vor-stel-lung: []$\OT1/cmtt/m/n/10 https : / / hackr . io / blog /
 []


Underfull \hbox (badness 10000) in paragraph at lines 1509--1510
[]\OT1/cmr/m/n/10 Eclipse OSBP: []$\OT1/cmtt/m/n/10 https : / / www . eclipse . org / osbp / index . html$[]
 []


Underfull \hbox (badness 10000) in paragraph at lines 1511--1512
[]\OT1/cmr/m/n/10 Opcenter Exe-cu-ti-on Phar-ma Haupt-sei-te: []$\OT1/cmtt/m/n/10 https : / /
 []


Underfull \hbox (badness 10000) in paragraph at lines 1511--1512
\OT1/cmtt/m/n/10 www . plm . automation . siemens . com / global / de / products /
 []

Package atveryend Info: Empty hook `BeforeClearDocument' on input line 1513.
[47]
Package atveryend Info: Empty hook `AfterLastShipout' on input line 1513.
 (/home/jonas/Desktop/Bachelorarbeit_Jonas_Borgerding/Schriftlicher Teil - Mit LaTeX Code/Bachelorthesis Jonas Borgerding.aux)
Package atveryend Info: Executing hook `AtVeryEndDocument' on input line 1513.
Package atveryend Info: Executing hook `AtEndAfterFileList' on input line 1513.
Package rerunfilecheck Info: File `"Bachelorthesis Jonas Borgerding".out' has not changed.
(rerunfilecheck)             Checksum: 6A40E2800E181B7A7D1006A1CEDC6BC3;3057.
Package atveryend Info: Empty hook `AtVeryVeryEnd' on input line 1513.
 ) 
Here is how much of TeX's memory you used:
 9097 strings out of 480478
 143180 string characters out of 5905958
 475496 words of memory out of 5000000
 24714 multiletter control sequences out of 15000+600000
 538407 words of font info for 44 fonts, out of 8000000 for 9000
 1141 hyphenation exceptions out of 8191
 45i,11n,47p,1255b,642s stack positions out of 5000i,500n,10000p,200000b,80000s
{/usr/share/texmf-dist/fonts/enc/dvips/cm-super/cm-super-ts1.enc}</usr/share/texmf-dist/fonts/type1/public/amsfonts/cm/cmbx10.pfb></usr/share/texmf-dist/fonts/type1/public/amsfonts/cm/cmbx12.pfb></usr/share/texmf-dist/fonts/type1/public/amsfonts/cm/cmbx9.pfb></usr/share/texmf-dist/fonts/type1/public/amsfonts/cm/cmbxti10.pfb></usr/share/texmf-dist/fonts/type1/public/amsfonts/cm/cmmi10.pfb></usr/share/texmf-dist/fonts/type1/public/amsfonts/cm/cmmi9.pfb></usr/share/texmf-dist/fonts/type1/public/amsfonts/cm/cmr10.pfb></usr/share/texmf-dist/fonts/type1/public/amsfonts/cm/cmr9.pfb></usr/share/texmf-dist/fonts/type1/public/amsfonts/cm/cmsy10.pfb></usr/share/texmf-dist/fonts/type1/public/amsfonts/cm/cmti10.pfb></usr/share/texmf-dist/fonts/type1/public/amsfonts/cm/cmtt10.pfb></usr/share/texmf-dist/fonts/type1/public/cm-super/sfrm1000.pfb>
Output written on "/home/jonas/Desktop/Bachelorarbeit_Jonas_Borgerding/Schriftlicher Teil - Mit LaTeX Code/Bachelorthesis Jonas Borgerding.pdf" (51 pages, 481941 bytes).
PDF statistics:
 1137 PDF objects out of 1200 (max. 8388607)
 1017 compressed objects within 11 object streams
 266 named destinations out of 1000 (max. 500000)
 383 words of extra memory for PDF output out of 10000 (max. 10000000)

